[10:37:29.210][info] [#0:d:\Users\admin\Desktop\class\插件\save-code-snippets-and-reuse-master\lua-language-server-3.15.0-win32-x64\main.lua:68]: Lua Lsp startup, root: 	d:/Users/admin/Desktop/class/插件/save-code-snippets-and-reuse-master/lua-language-server-3.15.0-win32-x64
[10:37:29.215][info] [#0:d:\Users\admin\Desktop\class\插件\save-code-snippets-and-reuse-master\lua-language-server-3.15.0-win32-x64\main.lua:69]: ROOT:	d:/Users/admin/Desktop/class/插件/save-code-snippets-and-reuse-master/lua-language-server-3.15.0-win32-x64
[10:37:29.215][info] [#0:d:\Users\admin\Desktop\class\插件\save-code-snippets-and-reuse-master\lua-language-server-3.15.0-win32-x64\main.lua:70]: LOGPATH:	d:/Users/admin/Desktop/class/插件/save-code-snippets-and-reuse-master/lua-language-server-3.15.0-win32-x64/log
[10:37:29.215][info] [#0:d:\Users\admin\Desktop\class\插件\save-code-snippets-and-reuse-master\lua-language-server-3.15.0-win32-x64\main.lua:71]: METAPATH:	d:/Users/admin/Desktop/class/插件/save-code-snippets-and-reuse-master/lua-language-server-3.15.0-win32-x64/meta
[10:37:29.216][info] [#0:d:\Users\admin\Desktop\class\插件\save-code-snippets-and-reuse-master\lua-language-server-3.15.0-win32-x64\main.lua:72]: VERSION:	3.15.0
[10:37:29.270][info] [#0:script\proto\proto.lua:260]: Listen Mode: stdio
[10:37:29.270][info] [#0:script\service\service.lua:145]: 
========= Medical Examination Report =========
    --------------- Memory ---------------
        Total: 2.269 MB
        # 00 : 2.269 MB
        # 01 : 0.000 MB
        # 02 : 0.000 MB
        # 03 : 0.000 MB
        # 04 : 0.000 MB
    --------------- Coroutine ---------------
        Total:     0
        Running:   0
        Suspended: 0
        Normal:    0
        Dead:      0
    --------------- Cache ---------------
        Total: 1
        Dead:  0
    ---------------  RPC  ---------------
        Holdon:   0
        Waiting:  0
==============================================
[10:37:29.408][info] [#0:script\client.lua:657]: Client init	{
  capabilities = {
    general = {
      markdown = {
        parser = "marked",
        version = "1.1.0"
      },
      positionEncodings = { "utf-16" },
      regularExpressions = {
        engine = "ECMAScript",
        version = "ES2020"
      },
      staleRequestSupport = {
        cancel = true,
        retryOnContentModified = { "textDocument/semanticTokens/full", "textDocument/semanticTokens/range", "textDocument/semanticTokens/full/delta" }
      }
    },
    notebookDocument = {
      synchronization = {
        dynamicRegistration = true,
        executionSummarySupport = true
      }
    },
    textDocument = {
      callHierarchy = {
        dynamicRegistration = true
      },
      codeAction = {
        codeActionLiteralSupport = {
          codeActionKind = {
            valueSet = { "", "quickfix", "refactor", "refactor.extract", "refactor.inline", "refactor.rewrite", "source", "source.organizeImports" }
          }
        },
        dataSupport = true,
        disabledSupport = true,
        dynamicRegistration = true,
        honorsChangeAnnotations = true,
        isPreferredSupport = true,
        resolveSupport = {
          properties = { "edit" }
        }
      },
      codeLens = {
        dynamicRegistration = true
      },
      colorProvider = {
        dynamicRegistration = true
      },
      completion = {
        completionItem = {
          commitCharactersSupport = true,
          deprecatedSupport = true,
          documentationFormat = { "markdown", "plaintext" },
          insertReplaceSupport = true,
          insertTextModeSupport = {
            valueSet = { 1, 2 }
          },
          labelDetailsSupport = true,
          preselectSupport = true,
          resolveSupport = {
            properties = { "documentation", "detail", "additionalTextEdits" }
          },
          snippetSupport = true,
          tagSupport = {
            valueSet = { 1 }
          }
        },
        completionItemKind = {
          valueSet = { 1, 2, 3, 4, 5, 6, 7, 8, 9, 10, 11, 12, 13, 14, 15, 16, 17, 18, 19, 20, 21, 22, 23, 24, 25 }
        },
        completionList = {
          itemDefaults = { "commitCharacters", "editRange", "insertTextFormat", "insertTextMode", "data" }
        },
        contextSupport = true,
        dynamicRegistration = true,
        insertTextMode = 2
      },
      declaration = {
        dynamicRegistration = true,
        linkSupport = true
      },
      definition = {
        dynamicRegistration = true,
        linkSupport = true
      },
      diagnostic = {
        dynamicRegistration = true,
        relatedDocumentSupport = false
      },
      documentHighlight = {
        dynamicRegistration = true
      },
      documentLink = {
        dynamicRegistration = true,
        tooltipSupport = true
      },
      documentSymbol = {
        dynamicRegistration = true,
        hierarchicalDocumentSymbolSupport = true,
        labelSupport = true,
        symbolKind = {
          valueSet = { 1, 2, 3, 4, 5, 6, 7, 8, 9, 10, 11, 12, 13, 14, 15, 16, 17, 18, 19, 20, 21, 22, 23, 24, 25, 26 }
        },
        tagSupport = {
          valueSet = { 1 }
        }
      },
      foldingRange = {
        dynamicRegistration = true,
        foldingRange = {
          collapsedText = false
        },
        foldingRangeKind = {
          valueSet = { "comment", "imports", "region" }
        },
        lineFoldingOnly = true,
        rangeLimit = 5000
      },
      formatting = {
        dynamicRegistration = true
      },
      hover = {
        contentFormat = { "markdown", "plaintext" },
        dynamicRegistration = true
      },
      implementation = {
        dynamicRegistration = true,
        linkSupport = true
      },
      inlayHint = {
        dynamicRegistration = true,
        resolveSupport = {
          properties = { "tooltip", "textEdits", "label.tooltip", "label.location", "label.command" }
        }
      },
      inlineValue = {
        dynamicRegistration = true
      },
      linkedEditingRange = {
        dynamicRegistration = true
      },
      onTypeFormatting = {
        dynamicRegistration = true
      },
      publishDiagnostics = {
        codeDescriptionSupport = true,
        dataSupport = true,
        relatedInformation = true,
        tagSupport = {
          valueSet = { 1, 2 }
        },
        versionSupport = false
      },
      rangeFormatting = {
        dynamicRegistration = true,
        rangesSupport = true
      },
      references = {
        dynamicRegistration = true
      },
      rename = {
        dynamicRegistration = true,
        honorsChangeAnnotations = true,
        prepareSupport = true,
        prepareSupportDefaultBehavior = 1
      },
      selectionRange = {
        dynamicRegistration = true
      },
      semanticTokens = {
        augmentsSyntaxTokens = true,
        dynamicRegistration = true,
        formats = { "relative" },
        multilineTokenSupport = false,
        overlappingTokenSupport = false,
        requests = {
          full = {
            delta = true
          },
          range = true
        },
        serverCancelSupport = true,
        tokenModifiers = { "declaration", "definition", "readonly", "static", "deprecated", "abstract", "async", "modification", "documentation", "defaultLibrary" },
        tokenTypes = { "namespace", "type", "class", "enum", "interface", "struct", "typeParameter", "parameter", "variable", "property", "enumMember", "event", "function", "method", "macro", "keyword", "modifier", "comment", "string", "number", "regexp", "operator", "decorator" }
      },
      signatureHelp = {
        contextSupport = true,
        dynamicRegistration = true,
        signatureInformation = {
          activeParameterSupport = true,
          documentationFormat = { "markdown", "plaintext" },
          parameterInformation = {
            labelOffsetSupport = true
          }
        }
      },
      synchronization = {
        didSave = true,
        dynamicRegistration = true,
        willSave = true,
        willSaveWaitUntil = true
      },
      typeDefinition = {
        dynamicRegistration = true,
        linkSupport = true
      },
      typeHierarchy = {
        dynamicRegistration = true
      }
    },
    window = {
      showDocument = {
        support = true
      },
      showMessage = {
        messageActionItem = {
          additionalPropertiesSupport = true
        }
      },
      workDoneProgress = true
    },
    workspace = {
      applyEdit = true,
      codeLens = {
        refreshSupport = true
      },
      configuration = true,
      diagnostics = {
        refreshSupport = true
      },
      didChangeConfiguration = {
        dynamicRegistration = true
      },
      didChangeWatchedFiles = {
        dynamicRegistration = true,
        relativePatternSupport = true
      },
      executeCommand = {
        dynamicRegistration = true
      },
      fileOperations = {
        didCreate = true,
        didDelete = true,
        didRename = true,
        dynamicRegistration = true,
        willCreate = true,
        willDelete = true,
        willRename = true
      },
      foldingRange = {
        refreshSupport = true
      },
      inlayHint = {
        refreshSupport = true
      },
      inlineValue = {
        refreshSupport = true
      },
      semanticTokens = {
        refreshSupport = true
      },
      symbol = {
        dynamicRegistration = true,
        resolveSupport = {
          properties = { "location.range" }
        },
        symbolKind = {
          valueSet = { 1, 2, 3, 4, 5, 6, 7, 8, 9, 10, 11, 12, 13, 14, 15, 16, 17, 18, 19, 20, 21, 22, 23, 24, 25, 26 }
        },
        tagSupport = {
          valueSet = { 1 }
        }
      },
      workspaceEdit = {
        changeAnnotationSupport = {
          groupsOnLabel = true
        },
        documentChanges = true,
        failureHandling = "textOnlyTransactional",
        normalizesLineEndings = true,
        resourceOperations = { "create", "rename", "delete" }
      },
      workspaceFolders = true
    }
  },
  clientInfo = {
    name = "Visual Studio Code",
    version = "1.103.2"
  },
  initializationOptions = {
    diagnostics = {
      enable = true,
      neededFileStatus = {
        ["*"] = "Any"
      }
    },
    displayLanguage = "zh-cn",
    runtime = {
      version = "Lua 5.4"
    },
    telemetry = {
      enable = false
    },
    workspace = {
      ignoreDir = {},
      library = {},
      maxPreload = 1000,
      preloadFileSize = 1000,
      useGitIgnore = true
    }
  },
  locale = "zh-cn",
  processId = 23784,
  rootPath = "d:\\Users\\admin\\Desktop\\插件调试",
  rootUri = "file:///d%3A/Users/admin/Desktop/%E6%8F%92%E4%BB%B6%E8%B0%83%E8%AF%95",
  trace = "off",
  workspaceFolders = { {
      name = "插件调试",
      uri = "file:///d%3A/Users/admin/Desktop/%E6%8F%92%E4%BB%B6%E8%B0%83%E8%AF%95"
    } }
}
[10:37:29.408][info] [#0:script\language.lua:137]: VSC language: zh-cn
[10:37:29.409][info] [#0:script\language.lua:138]: LS  language: zh-cn
[10:37:29.409][info] [#0:script\workspace\workspace.lua:38]: Workspace init root: 	file:///d%3A/Users/admin/Desktop/%E6%8F%92%E4%BB%B6%E8%B0%83%E8%AF%95
[10:37:29.409][info] [#0:script\workspace\workspace.lua:42]: Log path: 	d:/Users/admin/Desktop/class/插件/save-code-snippets-and-reuse-master/lua-language-server-3.15.0-win32-x64/log/file_d%3A_Users_admin_Desktop_%E6%8F%92%E4%BB%B6%E8%B0%83%E8%AF%95.log
[10:37:29.440][info] [#0:script\workspace\workspace.lua:48]: Workspace create: 	file:///d%3A/Users/admin/Desktop/%E6%8F%92%E4%BB%B6%E8%B0%83%E8%AF%95
[10:37:30.309][info] [#0:script\provider\provider.lua:49]: Load config from client	file:///d%3A/Users/admin/Desktop/%E6%8F%92%E4%BB%B6%E8%B0%83%E8%AF%95
[10:37:30.309][info] [#0:script\provider\provider.lua:50]: {
  Lua = {},
  ["editor.semanticHighlighting.enabled"] = "on",
  ["files.associations"] = {
    ["**/.DS_Store"] = true,
    ["**/.git"] = true,
    ["**/.hg"] = true,
    ["**/.svn"] = true,
    ["**/Thumbs.db"] = true
  },
  ["files.exclude"] = "configuredByTheme"
}
[10:37:30.310][error][#0:script\config\template.lua:157]: script\config\template.lua:157: attempt to concatenate a nil value (field 'sep')
stack traceback:
	script\config\template.lua:157: in method 'loader'
	script\config\config.lua:66: in function 'config.config.setByScope'
	script\config\config.lua:217: in local 'expand'
	script\config\config.lua:229: in function 'config.config.update'
	script\provider\provider.lua:60: in function 'provider.updateConfig'
	script\provider\provider.lua:145: in function <script\provider\provider.lua:142>
	[C]: in function 'xpcall'
	script\proto\proto.lua:202: in function <script\proto\proto.lua:177>
[10:37:30.310][warn] [#0:script\proto\proto.lua:189]: Method [initialized] takes [0.658]sec. {
  jsonrpc = "2.0",
  method = "initialized",
  params = {}
}
[10:37:30.744][warn] [#0:script\proto\proto.lua:189]: Method [textDocument/documentSymbol] takes [1.088]sec. {
  _closeMessage = "Request cancelled.",
  _closeReason = -32800,
  id = 1,
  jsonrpc = "2.0",
  method = "textDocument/documentSymbol",
  params = {
    textDocument = {
      uri = "file:///d%3A/Users/admin/Desktop/%E6%8F%92%E4%BB%B6%E8%B0%83%E8%AF%95/PlayeGame.lua"
    }
  }
}
[10:37:31.070][warn] [#0:script\proto\proto.lua:189]: Method [textDocument/documentColor] takes [1.414]sec. {
  _closeMessage = "Request cancelled.",
  _closeReason = -32800,
  id = 2,
  jsonrpc = "2.0",
  method = "textDocument/documentColor",
  params = {
    textDocument = {
      uri = "file:///d%3A/Users/admin/Desktop/%E6%8F%92%E4%BB%B6%E8%B0%83%E8%AF%95/PlayeGame.lua"
    }
  }
}
[10:37:31.071][warn] [#0:script\proto\proto.lua:189]: Method [textDocument/foldingRange] takes [0.763]sec. {
  _closeMessage = "Request cancelled.",
  _closeReason = -32800,
  id = 6,
  jsonrpc = "2.0",
  method = "textDocument/foldingRange",
  params = {
    textDocument = {
      uri = "file:///d%3A/Users/admin/Desktop/%E6%8F%92%E4%BB%B6%E8%B0%83%E8%AF%95/PlayeGame.lua"
    }
  }
}
[10:37:43.825][warn] [#0:script\proto\proto.lua:189]: Method [textDocument/foldingRange] takes [12.538]sec. {
  _closeMessage = "Request cancelled.",
  _closeReason = -32800,
  id = 14,
  jsonrpc = "2.0",
  method = "textDocument/foldingRange",
  params = {
    textDocument = {
      uri = "file:///d%3A/Users/admin/Desktop/%E6%8F%92%E4%BB%B6%E8%B0%83%E8%AF%95/PlayeGame.lua"
    }
  }
}
[10:37:43.825][warn] [#0:script\proto\proto.lua:189]: Method [textDocument/semanticTokens/range] takes [13.732]sec. {
  _closeMessage = "Request cancelled.",
  _closeReason = -32800,
  id = 4,
  jsonrpc = "2.0",
  method = "textDocument/semanticTokens/range",
  params = {
    range = {
      end = {
        character = 3,
        line = 15
      },
      start = {
        character = 0,
        line = 0
      }
    },
    textDocument = {
      uri = "file:///d%3A/Users/admin/Desktop/%E6%8F%92%E4%BB%B6%E8%B0%83%E8%AF%95/PlayeGame.lua"
    }
  }
}
[10:37:43.825][warn] [#0:script\proto\proto.lua:189]: Method [textDocument/semanticTokens/range] takes [7.740]sec. {
  _closeMessage = "Request cancelled.",
  _closeReason = -32800,
  id = 18,
  jsonrpc = "2.0",
  method = "textDocument/semanticTokens/range",
  params = {
    range = {
      end = {
        character = 3,
        line = 15
      },
      start = {
        character = 0,
        line = 0
      }
    },
    textDocument = {
      uri = "file:///d%3A/Users/admin/Desktop/%E6%8F%92%E4%BB%B6%E8%B0%83%E8%AF%95/PlayeGame.lua"
    }
  }
}
[10:37:43.825][warn] [#0:script\proto\proto.lua:189]: Method [textDocument/documentSymbol] takes [12.539]sec. {
  _closeMessage = "Request cancelled.",
  _closeReason = -32800,
  id = 13,
  jsonrpc = "2.0",
  method = "textDocument/documentSymbol",
  params = {
    textDocument = {
      uri = "file:///d%3A/Users/admin/Desktop/%E6%8F%92%E4%BB%B6%E8%B0%83%E8%AF%95/PlayeGame.lua"
    }
  }
}
[10:37:44.380][warn] [#0:script\proto\proto.lua:189]: Method [textDocument/documentSymbol] takes [13.310]sec. {
  _closeMessage = "Request cancelled.",
  _closeReason = -32800,
  id = 11,
  jsonrpc = "2.0",
  method = "textDocument/documentSymbol",
  params = {
    textDocument = {
      uri = "file:///d%3A/Users/admin/Desktop/%E6%8F%92%E4%BB%B6%E8%B0%83%E8%AF%95/PlayeGame.lua"
    }
  }
}
[10:37:44.705][warn] [#0:script\proto\proto.lua:170]: Recieved unknown proto: workspace/didChangeWatchedFiles
[10:47:29.976][info] [#0:script\service\service.lua:145]: 
========= Medical Examination Report =========
    --------------- Memory ---------------
        Total: 3.057 MB
        # 00 : 2.841 MB
        # 01 : 0.054 MB
        # 02 : 0.054 MB
        # 03 : 0.054 MB
        # 04 : 0.054 MB
    --------------- Coroutine ---------------
        Total:     183
        Running:   0
        Suspended: 9
        Normal:    0
        Dead:      174
    --------------- Cache ---------------
        Total: 1
        Dead:  0
    ---------------  RPC  ---------------
        Holdon:   7
        Waiting:  0
==============================================
